mode: set
github.com/Aureliolo/synthorg/cli/internal/completion/install.go:31.36,32.11 1 1
github.com/Aureliolo/synthorg/cli/internal/completion/install.go:33.12,34.16 1 1
github.com/Aureliolo/synthorg/cli/internal/completion/install.go:35.11,36.15 1 1
github.com/Aureliolo/synthorg/cli/internal/completion/install.go:37.12,38.16 1 1
github.com/Aureliolo/synthorg/cli/internal/completion/install.go:39.18,40.22 1 1
github.com/Aureliolo/synthorg/cli/internal/completion/install.go:41.10,42.19 1 1
github.com/Aureliolo/synthorg/cli/internal/completion/install.go:50.30,52.17 2 1
github.com/Aureliolo/synthorg/cli/internal/completion/install.go:52.17,54.10 2 1
github.com/Aureliolo/synthorg/cli/internal/completion/install.go:55.39,56.15 1 1
github.com/Aureliolo/synthorg/cli/internal/completion/install.go:57.38,58.14 1 1
github.com/Aureliolo/synthorg/cli/internal/completion/install.go:59.39,60.15 1 1
github.com/Aureliolo/synthorg/cli/internal/completion/install.go:61.79,62.21 1 1
github.com/Aureliolo/synthorg/cli/internal/completion/install.go:65.2,65.31 1 1
github.com/Aureliolo/synthorg/cli/internal/completion/install.go:65.31,67.3 1 1
github.com/Aureliolo/synthorg/cli/internal/completion/install.go:68.2,68.16 1 0
github.com/Aureliolo/synthorg/cli/internal/completion/install.go:79.92,82.55 2 1
github.com/Aureliolo/synthorg/cli/internal/completion/install.go:82.55,84.3 1 0
github.com/Aureliolo/synthorg/cli/internal/completion/install.go:86.2,86.15 1 1
github.com/Aureliolo/synthorg/cli/internal/completion/install.go:87.12,88.26 1 1
github.com/Aureliolo/synthorg/cli/internal/completion/install.go:89.11,90.34 1 1
github.com/Aureliolo/synthorg/cli/internal/completion/install.go:91.12,92.35 1 1
github.com/Aureliolo/synthorg/cli/internal/completion/install.go:93.18,94.37 1 0
github.com/Aureliolo/synthorg/cli/internal/completion/install.go:95.10,96.57 1 1
github.com/Aureliolo/synthorg/cli/internal/completion/install.go:100.46,102.16 2 1
github.com/Aureliolo/synthorg/cli/internal/completion/install.go:102.16,104.3 1 0
github.com/Aureliolo/synthorg/cli/internal/completion/install.go:105.2,109.16 4 1
github.com/Aureliolo/synthorg/cli/internal/completion/install.go:109.16,111.3 1 0
github.com/Aureliolo/synthorg/cli/internal/completion/install.go:112.2,112.15 1 1
github.com/Aureliolo/synthorg/cli/internal/completion/install.go:112.15,115.3 2 1
github.com/Aureliolo/synthorg/cli/internal/completion/install.go:117.2,118.44 2 1
github.com/Aureliolo/synthorg/cli/internal/completion/install.go:121.69,123.16 2 1
github.com/Aureliolo/synthorg/cli/internal/completion/install.go:123.16,125.3 1 0
github.com/Aureliolo/synthorg/cli/internal/completion/install.go:128.2,132.45 4 1
github.com/Aureliolo/synthorg/cli/internal/completion/install.go:132.45,134.3 1 1
github.com/Aureliolo/synthorg/cli/internal/completion/install.go:137.2,137.52 1 1
github.com/Aureliolo/synthorg/cli/internal/completion/install.go:137.52,139.3 1 0
github.com/Aureliolo/synthorg/cli/internal/completion/install.go:140.2,141.55 2 1
github.com/Aureliolo/synthorg/cli/internal/completion/install.go:141.55,143.3 1 0
github.com/Aureliolo/synthorg/cli/internal/completion/install.go:144.2,144.67 1 1
github.com/Aureliolo/synthorg/cli/internal/completion/install.go:144.67,146.3 1 0
github.com/Aureliolo/synthorg/cli/internal/completion/install.go:149.2,152.51 4 1
github.com/Aureliolo/synthorg/cli/internal/completion/install.go:152.51,154.3 1 0
github.com/Aureliolo/synthorg/cli/internal/completion/install.go:155.2,155.16 1 1
github.com/Aureliolo/synthorg/cli/internal/completion/install.go:155.16,157.54 2 1
github.com/Aureliolo/synthorg/cli/internal/completion/install.go:157.54,159.4 1 0
github.com/Aureliolo/synthorg/cli/internal/completion/install.go:162.2,162.17 1 1
github.com/Aureliolo/synthorg/cli/internal/completion/install.go:165.70,167.16 2 1
github.com/Aureliolo/synthorg/cli/internal/completion/install.go:167.16,169.3 1 0
github.com/Aureliolo/synthorg/cli/internal/completion/install.go:171.2,175.45 4 1
github.com/Aureliolo/synthorg/cli/internal/completion/install.go:175.45,177.3 1 1
github.com/Aureliolo/synthorg/cli/internal/completion/install.go:180.2,180.52 1 1
github.com/Aureliolo/synthorg/cli/internal/completion/install.go:180.52,182.3 1 0
github.com/Aureliolo/synthorg/cli/internal/completion/install.go:183.2,184.62 2 1
github.com/Aureliolo/synthorg/cli/internal/completion/install.go:184.62,186.3 1 0
github.com/Aureliolo/synthorg/cli/internal/completion/install.go:187.2,187.67 1 1
github.com/Aureliolo/synthorg/cli/internal/completion/install.go:187.67,189.3 1 0
github.com/Aureliolo/synthorg/cli/internal/completion/install.go:190.2,190.17 1 1
github.com/Aureliolo/synthorg/cli/internal/completion/install.go:193.73,195.16 2 0
github.com/Aureliolo/synthorg/cli/internal/completion/install.go:195.16,197.3 1 0
github.com/Aureliolo/synthorg/cli/internal/completion/install.go:198.2,201.51 3 0
github.com/Aureliolo/synthorg/cli/internal/completion/install.go:201.51,203.3 1 0
github.com/Aureliolo/synthorg/cli/internal/completion/install.go:204.2,204.15 1 0
github.com/Aureliolo/synthorg/cli/internal/completion/install.go:204.15,207.3 2 0
github.com/Aureliolo/synthorg/cli/internal/completion/install.go:209.2,210.44 2 0
github.com/Aureliolo/synthorg/cli/internal/completion/install.go:214.65,216.16 2 0
github.com/Aureliolo/synthorg/cli/internal/completion/install.go:216.16,218.3 1 0
github.com/Aureliolo/synthorg/cli/internal/completion/install.go:221.2,222.16 2 0
github.com/Aureliolo/synthorg/cli/internal/completion/install.go:222.16,224.3 1 0
github.com/Aureliolo/synthorg/cli/internal/completion/install.go:227.2,227.55 1 0
github.com/Aureliolo/synthorg/cli/internal/completion/install.go:227.55,231.17 4 0
github.com/Aureliolo/synthorg/cli/internal/completion/install.go:231.17,232.12 1 0
github.com/Aureliolo/synthorg/cli/internal/completion/install.go:234.3,235.31 2 0
github.com/Aureliolo/synthorg/cli/internal/completion/install.go:235.31,236.12 1 0
github.com/Aureliolo/synthorg/cli/internal/completion/install.go:238.3,239.25 2 0
github.com/Aureliolo/synthorg/cli/internal/completion/install.go:239.25,240.12 1 0
github.com/Aureliolo/synthorg/cli/internal/completion/install.go:243.3,244.17 2 0
github.com/Aureliolo/synthorg/cli/internal/completion/install.go:244.17,247.4 1 0
github.com/Aureliolo/synthorg/cli/internal/completion/install.go:248.3,250.52 3 0
github.com/Aureliolo/synthorg/cli/internal/completion/install.go:250.52,251.12 1 0
github.com/Aureliolo/synthorg/cli/internal/completion/install.go:253.3,253.24 1 0
github.com/Aureliolo/synthorg/cli/internal/completion/install.go:257.2,257.31 1 0
github.com/Aureliolo/synthorg/cli/internal/completion/install.go:257.31,259.3 1 0
github.com/Aureliolo/synthorg/cli/internal/completion/install.go:260.2,260.94 1 0
github.com/Aureliolo/synthorg/cli/internal/completion/install.go:265.51,267.16 2 1
github.com/Aureliolo/synthorg/cli/internal/completion/install.go:267.16,268.37 1 1
github.com/Aureliolo/synthorg/cli/internal/completion/install.go:268.37,270.4 1 1
github.com/Aureliolo/synthorg/cli/internal/completion/install.go:271.3,271.56 1 0
github.com/Aureliolo/synthorg/cli/internal/completion/install.go:273.2,273.49 1 1
github.com/Aureliolo/synthorg/cli/internal/completion/install.go:277.60,278.15 1 0
github.com/Aureliolo/synthorg/cli/internal/completion/install.go:279.12,280.25 1 0
github.com/Aureliolo/synthorg/cli/internal/completion/install.go:281.11,282.24 1 0
github.com/Aureliolo/synthorg/cli/internal/completion/install.go:283.12,284.25 1 0
github.com/Aureliolo/synthorg/cli/internal/completion/install.go:285.18,286.34 1 0
github.com/Aureliolo/synthorg/cli/internal/completion/install.go:287.10,288.52 1 0
github.com/Aureliolo/synthorg/cli/internal/completion/install.go:292.28,294.16 2 0
github.com/Aureliolo/synthorg/cli/internal/completion/install.go:294.16,296.3 1 0
github.com/Aureliolo/synthorg/cli/internal/completion/install.go:297.2,297.58 1 0
github.com/Aureliolo/synthorg/cli/internal/completion/install.go:300.27,302.16 2 0
github.com/Aureliolo/synthorg/cli/internal/completion/install.go:302.16,304.3 1 0
github.com/Aureliolo/synthorg/cli/internal/completion/install.go:306.2,307.79 2 0
github.com/Aureliolo/synthorg/cli/internal/completion/install.go:307.79,309.3 1 0
github.com/Aureliolo/synthorg/cli/internal/completion/install.go:311.2,311.57 1 0
github.com/Aureliolo/synthorg/cli/internal/completion/install.go:314.28,316.16 2 0
github.com/Aureliolo/synthorg/cli/internal/completion/install.go:316.16,318.3 1 0
github.com/Aureliolo/synthorg/cli/internal/completion/install.go:319.2,320.79 2 0
github.com/Aureliolo/synthorg/cli/internal/completion/install.go:320.79,322.3 1 0
github.com/Aureliolo/synthorg/cli/internal/completion/install.go:323.2,323.12 1 0
github.com/Aureliolo/synthorg/cli/internal/completion/install.go:326.53,328.16 2 0
github.com/Aureliolo/synthorg/cli/internal/completion/install.go:328.16,330.3 1 0
github.com/Aureliolo/synthorg/cli/internal/completion/install.go:331.2,331.35 1 0
github.com/Aureliolo/synthorg/cli/internal/completion/install.go:337.43,339.16 2 0
github.com/Aureliolo/synthorg/cli/internal/completion/install.go:339.16,340.37 1 0
github.com/Aureliolo/synthorg/cli/internal/completion/install.go:340.37,342.4 1 0
github.com/Aureliolo/synthorg/cli/internal/completion/install.go:343.3,343.49 1 0
github.com/Aureliolo/synthorg/cli/internal/completion/install.go:345.2,346.40 2 0
github.com/Aureliolo/synthorg/cli/internal/completion/install.go:346.40,348.3 1 0
github.com/Aureliolo/synthorg/cli/internal/completion/install.go:350.2,353.29 4 0
github.com/Aureliolo/synthorg/cli/internal/completion/install.go:353.29,354.40 1 0
github.com/Aureliolo/synthorg/cli/internal/completion/install.go:354.40,356.12 2 0
github.com/Aureliolo/synthorg/cli/internal/completion/install.go:358.3,358.14 1 0
github.com/Aureliolo/synthorg/cli/internal/completion/install.go:358.14,360.37 1 0
github.com/Aureliolo/synthorg/cli/internal/completion/install.go:360.37,361.13 1 0
github.com/Aureliolo/synthorg/cli/internal/completion/install.go:364.4,365.12 2 0
github.com/Aureliolo/synthorg/cli/internal/completion/install.go:367.3,367.32 1 0
github.com/Aureliolo/synthorg/cli/internal/completion/install.go:370.2,371.51 2 0
github.com/Aureliolo/synthorg/cli/internal/completion/install.go:375.47,377.48 2 1
github.com/Aureliolo/synthorg/cli/internal/completion/install.go:377.48,379.3 1 0
github.com/Aureliolo/synthorg/cli/internal/completion/install.go:380.2,381.16 2 1
github.com/Aureliolo/synthorg/cli/internal/completion/install.go:381.16,383.3 1 0
github.com/Aureliolo/synthorg/cli/internal/completion/install.go:384.2,386.21 3 1
github.com/Aureliolo/synthorg/cli/internal/completion/install.go:386.21,388.3 1 0
github.com/Aureliolo/synthorg/cli/internal/completion/install.go:389.2,389.21 1 1
github.com/Aureliolo/synthorg/cli/internal/completion/install.go:389.21,391.3 1 0
github.com/Aureliolo/synthorg/cli/internal/completion/install.go:392.2,392.12 1 1
